==> Using compartment: ocid1.tenancy.oc1..aaaaaaaaqa2gtylbe3frjrmfumgz5a6myukv7xwbfzubmfnz3ddtzgdvasoq
==> Region: ap-mumbai-1
==> Availability domains: iDJQ:AP-MUMBAI-1-AD-1
==> Image: ocid1.image.oc1.ap-mumbai-1.aaaaaaaa2op2x2s5rnduo5osx6zojr526qxtrvhddkdhks5nllbwjzcylwya
==> Subnet: ocid1.subnet.oc1.ap-mumbai-1.aaaaaaaa6xvek6yvrlwep65zeaayv6towvax6vmxllckmdq7gqs7xrurgv4q
==> Launching HealthOs (VM.Standard.A1.Flex: 2 OCPU / 12 GB)...
==> Attempt 1/720: availability domain iDJQ:AP-MUMBAI-1-AD-1...
    Capacity/rate limit in iDJQ:AP-MUMBAI-1-AD-1, trying next...
==> All domains full. Retrying in 180s...
==> Using compartment: ocid1.tenancy.oc1..aaaaaaaaqa2gtylbe3frjrmfumgz5a6myukv7xwbfzubmfnz3ddtzgdvasoq
==> Region: ap-mumbai-1
==> Availability domains: iDJQ:AP-MUMBAI-1-AD-1
==> Image: ocid1.image.oc1.ap-mumbai-1.aaaaaaaa2op2x2s5rnduo5osx6zojr526qxtrvhddkdhks5nllbwjzcylwya
==> Subnet: ocid1.subnet.oc1.ap-mumbai-1.aaaaaaaa6xvek6yvrlwep65zeaayv6towvax6vmxllckmdq7gqs7xrurgv4q
==> Launching HealthOs (VM.Standard.A1.Flex: 2 OCPU / 12 GB)...
==> Attempt 1/1440: availability domain iDJQ:AP-MUMBAI-1-AD-1...
    Capacity/rate limit in iDJQ:AP-MUMBAI-1-AD-1, trying next...
==> All domains full. Retrying in 60s...
==> Attempt 2/1440: availability domain iDJQ:AP-MUMBAI-1-AD-1...
ERROR: Instance launch failed:
RequestException:
{
    "client_version": "Oracle-PythonCLI/3.89.0",
    "logging_tips": "Please run the OCI CLI command using --debug flag to find more debug information.",
    "message": "The connection to endpoint timed out.",
    "request_endpoint": null,
    "target_service": "CLI",
    "timestamp": "2026-06-30T12:34:36.852424",
    "troubleshooting_tips": " See [https://docs.oracle.com/iaas/Content/API/SDKDocs/clitroubleshooting.htm] for more information about resolving this error. If you are unable to resolve this issue, run this CLI command with --debug option and contact Oracle support and provide them the full error message."
}
==> Using compartment: ocid1.tenancy.oc1..aaaaaaaaqa2gtylbe3frjrmfumgz5a6myukv7xwbfzubmfnz3ddtzgdvasoq
==> Region: ap-mumbai-1
==> Availability domains: iDJQ:AP-MUMBAI-1-AD-1
==> Image: ocid1.image.oc1.ap-mumbai-1.aaaaaaaa2op2x2s5rnduo5osx6zojr526qxtrvhddkdhks5nllbwjzcylwya
==> Subnet: ocid1.subnet.oc1.ap-mumbai-1.aaaaaaaa6xvek6yvrlwep65zeaayv6towvax6vmxllckmdq7gqs7xrurgv4q
==> Launching HealthOs (VM.Standard.A1.Flex: 2 OCPU / 12 GB)...
==> Attempt 1/1440: availability domain iDJQ:AP-MUMBAI-1-AD-1...
    Capacity/rate limit/network in iDJQ:AP-MUMBAI-1-AD-1, trying next...
==> All domains full. Retrying in 60s...
==> Attempt 2/1440: availability domain iDJQ:AP-MUMBAI-1-AD-1...
    Capacity/rate limit/network in iDJQ:AP-MUMBAI-1-AD-1, trying next...
==> All domains full. Retrying in 60s...
==> Attempt 3/1440: availability domain iDJQ:AP-MUMBAI-1-AD-1...
    Capacity/rate limit/network in iDJQ:AP-MUMBAI-1-AD-1, trying next...
==> All domains full. Retrying in 60s...
==> Attempt 4/1440: availability domain iDJQ:AP-MUMBAI-1-AD-1...
    Capacity/rate limit/network in iDJQ:AP-MUMBAI-1-AD-1, trying next...
==> All domains full. Retrying in 60s...
==> Attempt 5/1440: availability domain iDJQ:AP-MUMBAI-1-AD-1...
    Capacity/rate limit/network in iDJQ:AP-MUMBAI-1-AD-1, trying next...
==> All domains full. Retrying in 60s...
==> Attempt 6/1440: availability domain iDJQ:AP-MUMBAI-1-AD-1...
    Capacity/rate limit/network in iDJQ:AP-MUMBAI-1-AD-1, trying next...
==> All domains full. Retrying in 60s...
==> Attempt 7/1440: availability domain iDJQ:AP-MUMBAI-1-AD-1...
    Capacity/rate limit/network in iDJQ:AP-MUMBAI-1-AD-1, trying next...
==> All domains full. Retrying in 60s...
==> Attempt 8/1440: availability domain iDJQ:AP-MUMBAI-1-AD-1...
    Capacity/rate limit/network in iDJQ:AP-MUMBAI-1-AD-1, trying next...
==> All domains full. Retrying in 60s...
==> Attempt 9/1440: availability domain iDJQ:AP-MUMBAI-1-AD-1...
    Capacity/rate limit/network in iDJQ:AP-MUMBAI-1-AD-1, trying next...
==> All domains full. Retrying in 60s...
==> Attempt 10/1440: availability domain iDJQ:AP-MUMBAI-1-AD-1...
    Capacity/rate limit/network in iDJQ:AP-MUMBAI-1-AD-1, trying next...
==> All domains full. Retrying in 60s...
==> Attempt 11/1440: availability domain iDJQ:AP-MUMBAI-1-AD-1...
    Capacity/rate limit/network in iDJQ:AP-MUMBAI-1-AD-1, trying next...
==> All domains full. Retrying in 60s...
==> Attempt 12/1440: availability domain iDJQ:AP-MUMBAI-1-AD-1...
    Capacity/rate limit/network in iDJQ:AP-MUMBAI-1-AD-1, trying next...
==> All domains full. Retrying in 60s...
==> Attempt 13/1440: availability domain iDJQ:AP-MUMBAI-1-AD-1...
    Capacity/rate limit/network in iDJQ:AP-MUMBAI-1-AD-1, trying next...
==> All domains full. Retrying in 60s...
==> Attempt 14/1440: availability domain iDJQ:AP-MUMBAI-1-AD-1...
    Capacity/rate limit/network in iDJQ:AP-MUMBAI-1-AD-1, trying next...
==> All domains full. Retrying in 60s...
==> Attempt 15/1440: availability domain iDJQ:AP-MUMBAI-1-AD-1...
    Capacity/rate limit/network in iDJQ:AP-MUMBAI-1-AD-1, trying next...
==> All domains full. Retrying in 60s...
==> Attempt 16/1440: availability domain iDJQ:AP-MUMBAI-1-AD-1...
    Capacity/rate limit/network in iDJQ:AP-MUMBAI-1-AD-1, trying next...
==> All domains full. Retrying in 60s...
==> Attempt 17/1440: availability domain iDJQ:AP-MUMBAI-1-AD-1...
    Capacity/rate limit/network in iDJQ:AP-MUMBAI-1-AD-1, trying next...
==> All domains full. Retrying in 60s...
==> Attempt 18/1440: availability domain iDJQ:AP-MUMBAI-1-AD-1...
    Capacity/rate limit/network in iDJQ:AP-MUMBAI-1-AD-1, trying next...
==> All domains full. Retrying in 60s...
==> Attempt 19/1440: availability domain iDJQ:AP-MUMBAI-1-AD-1...
    Capacity/rate limit/network in iDJQ:AP-MUMBAI-1-AD-1, trying next...
==> All domains full. Retrying in 60s...
==> Attempt 20/1440: availability domain iDJQ:AP-MUMBAI-1-AD-1...
    Capacity/rate limit/network in iDJQ:AP-MUMBAI-1-AD-1, trying next...
==> All domains full. Retrying in 60s...
==> Attempt 21/1440: availability domain iDJQ:AP-MUMBAI-1-AD-1...
    Capacity/rate limit/network in iDJQ:AP-MUMBAI-1-AD-1, trying next...
==> All domains full. Retrying in 60s...
==> Attempt 22/1440: availability domain iDJQ:AP-MUMBAI-1-AD-1...
    Capacity/rate limit/network in iDJQ:AP-MUMBAI-1-AD-1, trying next...
==> All domains full. Retrying in 60s...
==> Attempt 23/1440: availability domain iDJQ:AP-MUMBAI-1-AD-1...
    Capacity/rate limit/network in iDJQ:AP-MUMBAI-1-AD-1, trying next...
==> All domains full. Retrying in 60s...
==> Attempt 24/1440: availability domain iDJQ:AP-MUMBAI-1-AD-1...
    Capacity/rate limit/network in iDJQ:AP-MUMBAI-1-AD-1, trying next...
==> All domains full. Retrying in 60s...
==> Attempt 25/1440: availability domain iDJQ:AP-MUMBAI-1-AD-1...
    Capacity/rate limit/network in iDJQ:AP-MUMBAI-1-AD-1, trying next...
==> All domains full. Retrying in 60s...
==> Attempt 26/1440: availability domain iDJQ:AP-MUMBAI-1-AD-1...
    Capacity/rate limit/network in iDJQ:AP-MUMBAI-1-AD-1, trying next...
==> All domains full. Retrying in 60s...
==> Attempt 27/1440: availability domain iDJQ:AP-MUMBAI-1-AD-1...
    Capacity/rate limit/network in iDJQ:AP-MUMBAI-1-AD-1, trying next...
==> All domains full. Retrying in 60s...
==> Attempt 28/1440: availability domain iDJQ:AP-MUMBAI-1-AD-1...
    Capacity/rate limit/network in iDJQ:AP-MUMBAI-1-AD-1, trying next...
==> All domains full. Retrying in 60s...
==> Attempt 29/1440: availability domain iDJQ:AP-MUMBAI-1-AD-1...
    Capacity/rate limit/network in iDJQ:AP-MUMBAI-1-AD-1, trying next...
==> All domains full. Retrying in 60s...
==> Attempt 30/1440: availability domain iDJQ:AP-MUMBAI-1-AD-1...
    Capacity/rate limit/network in iDJQ:AP-MUMBAI-1-AD-1, trying next...
==> All domains full. Retrying in 60s...
==> Attempt 31/1440: availability domain iDJQ:AP-MUMBAI-1-AD-1...
    Capacity/rate limit/network in iDJQ:AP-MUMBAI-1-AD-1, trying next...
==> All domains full. Retrying in 60s...
==> Attempt 32/1440: availability domain iDJQ:AP-MUMBAI-1-AD-1...
    Capacity/rate limit/network in iDJQ:AP-MUMBAI-1-AD-1, trying next...
==> All domains full. Retrying in 60s...
==> Attempt 33/1440: availability domain iDJQ:AP-MUMBAI-1-AD-1...
    Capacity/rate limit/network in iDJQ:AP-MUMBAI-1-AD-1, trying next...
==> All domains full. Retrying in 60s...
==> Attempt 34/1440: availability domain iDJQ:AP-MUMBAI-1-AD-1...
    Capacity/rate limit/network in iDJQ:AP-MUMBAI-1-AD-1, trying next...
==> All domains full. Retrying in 60s...
==> Attempt 35/1440: availability domain iDJQ:AP-MUMBAI-1-AD-1...
    Capacity/rate limit/network in iDJQ:AP-MUMBAI-1-AD-1, trying next...
==> All domains full. Retrying in 60s...
==> Attempt 36/1440: availability domain iDJQ:AP-MUMBAI-1-AD-1...
    Capacity/rate limit/network in iDJQ:AP-MUMBAI-1-AD-1, trying next...
==> All domains full. Retrying in 60s...
==> Attempt 37/1440: availability domain iDJQ:AP-MUMBAI-1-AD-1...
    Capacity/rate limit/network in iDJQ:AP-MUMBAI-1-AD-1, trying next...
==> All domains full. Retrying in 60s...
==> Attempt 38/1440: availability domain iDJQ:AP-MUMBAI-1-AD-1...
    Capacity/rate limit/network in iDJQ:AP-MUMBAI-1-AD-1, trying next...
==> All domains full. Retrying in 60s...
==> Attempt 39/1440: availability domain iDJQ:AP-MUMBAI-1-AD-1...
    Capacity/rate limit/network in iDJQ:AP-MUMBAI-1-AD-1, trying next...
==> All domains full. Retrying in 60s...
==> Attempt 40/1440: availability domain iDJQ:AP-MUMBAI-1-AD-1...
    Capacity/rate limit/network in iDJQ:AP-MUMBAI-1-AD-1, trying next...
==> All domains full. Retrying in 60s...
==> Attempt 41/1440: availability domain iDJQ:AP-MUMBAI-1-AD-1...
    Capacity/rate limit/network in iDJQ:AP-MUMBAI-1-AD-1, trying next...
==> All domains full. Retrying in 60s...
==> Attempt 42/1440: availability domain iDJQ:AP-MUMBAI-1-AD-1...
    Capacity/rate limit/network in iDJQ:AP-MUMBAI-1-AD-1, trying next...
==> All domains full. Retrying in 60s...
==> Attempt 43/1440: availability domain iDJQ:AP-MUMBAI-1-AD-1...
    Capacity/rate limit/network in iDJQ:AP-MUMBAI-1-AD-1, trying next...
==> All domains full. Retrying in 60s...
==> Attempt 44/1440: availability domain iDJQ:AP-MUMBAI-1-AD-1...
    Capacity/rate limit/network in iDJQ:AP-MUMBAI-1-AD-1, trying next...
==> All domains full. Retrying in 60s...
==> Attempt 45/1440: availability domain iDJQ:AP-MUMBAI-1-AD-1...
    Capacity/rate limit/network in iDJQ:AP-MUMBAI-1-AD-1, trying next...
==> All domains full. Retrying in 60s...
==> Attempt 46/1440: availability domain iDJQ:AP-MUMBAI-1-AD-1...
    Capacity/rate limit/network in iDJQ:AP-MUMBAI-1-AD-1, trying next...
==> All domains full. Retrying in 60s...
==> Attempt 47/1440: availability domain iDJQ:AP-MUMBAI-1-AD-1...
    Capacity/rate limit/network in iDJQ:AP-MUMBAI-1-AD-1, trying next...
==> All domains full. Retrying in 60s...
==> Attempt 48/1440: availability domain iDJQ:AP-MUMBAI-1-AD-1...
    Capacity/rate limit/network in iDJQ:AP-MUMBAI-1-AD-1, trying next...
==> All domains full. Retrying in 60s...
==> Attempt 49/1440: availability domain iDJQ:AP-MUMBAI-1-AD-1...
    Capacity/rate limit/network in iDJQ:AP-MUMBAI-1-AD-1, trying next...
==> All domains full. Retrying in 60s...
==> Attempt 50/1440: availability domain iDJQ:AP-MUMBAI-1-AD-1...
    Capacity/rate limit/network in iDJQ:AP-MUMBAI-1-AD-1, trying next...
==> All domains full. Retrying in 60s...
==> Attempt 51/1440: availability domain iDJQ:AP-MUMBAI-1-AD-1...
    Capacity/rate limit/network in iDJQ:AP-MUMBAI-1-AD-1, trying next...
==> All domains full. Retrying in 60s...
==> Attempt 52/1440: availability domain iDJQ:AP-MUMBAI-1-AD-1...
    Capacity/rate limit/network in iDJQ:AP-MUMBAI-1-AD-1, trying next...
==> All domains full. Retrying in 60s...
==> Attempt 53/1440: availability domain iDJQ:AP-MUMBAI-1-AD-1...
    Capacity/rate limit/network in iDJQ:AP-MUMBAI-1-AD-1, trying next...
==> All domains full. Retrying in 60s...
==> Attempt 54/1440: availability domain iDJQ:AP-MUMBAI-1-AD-1...
    Capacity/rate limit/network in iDJQ:AP-MUMBAI-1-AD-1, trying next...
==> All domains full. Retrying in 60s...
==> Attempt 55/1440: availability domain iDJQ:AP-MUMBAI-1-AD-1...
    Capacity/rate limit/network in iDJQ:AP-MUMBAI-1-AD-1, trying next...
==> All domains full. Retrying in 60s...
==> Attempt 56/1440: availability domain iDJQ:AP-MUMBAI-1-AD-1...
    Capacity/rate limit/network in iDJQ:AP-MUMBAI-1-AD-1, trying next...
==> All domains full. Retrying in 60s...
==> Attempt 57/1440: availability domain iDJQ:AP-MUMBAI-1-AD-1...
    Capacity/rate limit/network in iDJQ:AP-MUMBAI-1-AD-1, trying next...
==> All domains full. Retrying in 60s...
==> Attempt 58/1440: availability domain iDJQ:AP-MUMBAI-1-AD-1...
    Capacity/rate limit/network in iDJQ:AP-MUMBAI-1-AD-1, trying next...
==> All domains full. Retrying in 60s...
==> Attempt 59/1440: availability domain iDJQ:AP-MUMBAI-1-AD-1...
    Capacity/rate limit/network in iDJQ:AP-MUMBAI-1-AD-1, trying next...
==> All domains full. Retrying in 60s...
==> Attempt 60/1440: availability domain iDJQ:AP-MUMBAI-1-AD-1...
    Capacity/rate limit/network in iDJQ:AP-MUMBAI-1-AD-1, trying next...
==> All domains full. Retrying in 60s...
==> Attempt 61/1440: availability domain iDJQ:AP-MUMBAI-1-AD-1...
    Capacity/rate limit/network in iDJQ:AP-MUMBAI-1-AD-1, trying next...
==> All domains full. Retrying in 60s...
==> Attempt 62/1440: availability domain iDJQ:AP-MUMBAI-1-AD-1...
    Capacity/rate limit/network in iDJQ:AP-MUMBAI-1-AD-1, trying next...
==> All domains full. Retrying in 60s...
==> Attempt 63/1440: availability domain iDJQ:AP-MUMBAI-1-AD-1...
    Capacity/rate limit/network in iDJQ:AP-MUMBAI-1-AD-1, trying next...
==> All domains full. Retrying in 60s...
==> Attempt 64/1440: availability domain iDJQ:AP-MUMBAI-1-AD-1...
    Capacity/rate limit/network in iDJQ:AP-MUMBAI-1-AD-1, trying next...
==> All domains full. Retrying in 60s...
==> Attempt 65/1440: availability domain iDJQ:AP-MUMBAI-1-AD-1...
    Capacity/rate limit/network in iDJQ:AP-MUMBAI-1-AD-1, trying next...
==> All domains full. Retrying in 60s...
==> Attempt 66/1440: availability domain iDJQ:AP-MUMBAI-1-AD-1...
    Capacity/rate limit/network in iDJQ:AP-MUMBAI-1-AD-1, trying next...
==> All domains full. Retrying in 60s...
==> Attempt 67/1440: availability domain iDJQ:AP-MUMBAI-1-AD-1...
    Capacity/rate limit/network in iDJQ:AP-MUMBAI-1-AD-1, trying next...
==> All domains full. Retrying in 60s...
==> Attempt 68/1440: availability domain iDJQ:AP-MUMBAI-1-AD-1...
    Capacity/rate limit/network in iDJQ:AP-MUMBAI-1-AD-1, trying next...
==> All domains full. Retrying in 60s...
==> Attempt 69/1440: availability domain iDJQ:AP-MUMBAI-1-AD-1...
    Capacity/rate limit/network in iDJQ:AP-MUMBAI-1-AD-1, trying next...
==> All domains full. Retrying in 60s...
==> Attempt 70/1440: availability domain iDJQ:AP-MUMBAI-1-AD-1...
    Capacity/rate limit/network in iDJQ:AP-MUMBAI-1-AD-1, trying next...
==> All domains full. Retrying in 60s...
==> Attempt 71/1440: availability domain iDJQ:AP-MUMBAI-1-AD-1...
    Capacity/rate limit/network in iDJQ:AP-MUMBAI-1-AD-1, trying next...
==> All domains full. Retrying in 60s...
==> Attempt 72/1440: availability domain iDJQ:AP-MUMBAI-1-AD-1...
    Capacity/rate limit/network in iDJQ:AP-MUMBAI-1-AD-1, trying next...
==> All domains full. Retrying in 60s...
==> Attempt 73/1440: availability domain iDJQ:AP-MUMBAI-1-AD-1...
    Capacity/rate limit/network in iDJQ:AP-MUMBAI-1-AD-1, trying next...
==> All domains full. Retrying in 60s...
==> Attempt 74/1440: availability domain iDJQ:AP-MUMBAI-1-AD-1...
    Capacity/rate limit/network in iDJQ:AP-MUMBAI-1-AD-1, trying next...
==> All domains full. Retrying in 60s...
==> Attempt 75/1440: availability domain iDJQ:AP-MUMBAI-1-AD-1...
    Capacity/rate limit/network in iDJQ:AP-MUMBAI-1-AD-1, trying next...
==> All domains full. Retrying in 60s...
==> Attempt 76/1440: availability domain iDJQ:AP-MUMBAI-1-AD-1...
    Capacity/rate limit/network in iDJQ:AP-MUMBAI-1-AD-1, trying next...
==> All domains full. Retrying in 60s...
==> Attempt 77/1440: availability domain iDJQ:AP-MUMBAI-1-AD-1...
    Capacity/rate limit/network in iDJQ:AP-MUMBAI-1-AD-1, trying next...
==> All domains full. Retrying in 60s...
==> Attempt 78/1440: availability domain iDJQ:AP-MUMBAI-1-AD-1...
    Capacity/rate limit/network in iDJQ:AP-MUMBAI-1-AD-1, trying next...
==> All domains full. Retrying in 60s...
==> Attempt 79/1440: availability domain iDJQ:AP-MUMBAI-1-AD-1...
    Capacity/rate limit/network in iDJQ:AP-MUMBAI-1-AD-1, trying next...
==> All domains full. Retrying in 60s...
==> Attempt 80/1440: availability domain iDJQ:AP-MUMBAI-1-AD-1...
    Capacity/rate limit/network in iDJQ:AP-MUMBAI-1-AD-1, trying next...
==> All domains full. Retrying in 60s...
==> Attempt 81/1440: availability domain iDJQ:AP-MUMBAI-1-AD-1...
    Capacity/rate limit/network in iDJQ:AP-MUMBAI-1-AD-1, trying next...
==> All domains full. Retrying in 60s...
==> Attempt 82/1440: availability domain iDJQ:AP-MUMBAI-1-AD-1...
    Capacity/rate limit/network in iDJQ:AP-MUMBAI-1-AD-1, trying next...
==> All domains full. Retrying in 60s...
==> Attempt 83/1440: availability domain iDJQ:AP-MUMBAI-1-AD-1...
    Capacity/rate limit/network in iDJQ:AP-MUMBAI-1-AD-1, trying next...
==> All domains full. Retrying in 60s...
==> Attempt 84/1440: availability domain iDJQ:AP-MUMBAI-1-AD-1...
    Capacity/rate limit/network in iDJQ:AP-MUMBAI-1-AD-1, trying next...
==> All domains full. Retrying in 60s...
==> Attempt 85/1440: availability domain iDJQ:AP-MUMBAI-1-AD-1...
    Capacity/rate limit/network in iDJQ:AP-MUMBAI-1-AD-1, trying next...
==> All domains full. Retrying in 60s...
==> Attempt 86/1440: availability domain iDJQ:AP-MUMBAI-1-AD-1...
    Capacity/rate limit/network in iDJQ:AP-MUMBAI-1-AD-1, trying next...
==> All domains full. Retrying in 60s...
==> Attempt 87/1440: availability domain iDJQ:AP-MUMBAI-1-AD-1...
    Capacity/rate limit/network in iDJQ:AP-MUMBAI-1-AD-1, trying next...
==> All domains full. Retrying in 60s...
==> Attempt 88/1440: availability domain iDJQ:AP-MUMBAI-1-AD-1...
    Capacity/rate limit/network in iDJQ:AP-MUMBAI-1-AD-1, trying next...
==> All domains full. Retrying in 60s...
==> Attempt 89/1440: availability domain iDJQ:AP-MUMBAI-1-AD-1...
    Capacity/rate limit/network in iDJQ:AP-MUMBAI-1-AD-1, trying next...
==> All domains full. Retrying in 60s...
==> Attempt 90/1440: availability domain iDJQ:AP-MUMBAI-1-AD-1...
    Capacity/rate limit/network in iDJQ:AP-MUMBAI-1-AD-1, trying next...
==> All domains full. Retrying in 60s...
==> Attempt 91/1440: availability domain iDJQ:AP-MUMBAI-1-AD-1...
    Capacity/rate limit/network in iDJQ:AP-MUMBAI-1-AD-1, trying next...
==> All domains full. Retrying in 60s...
==> Attempt 92/1440: availability domain iDJQ:AP-MUMBAI-1-AD-1...
    Capacity/rate limit/network in iDJQ:AP-MUMBAI-1-AD-1, trying next...
==> All domains full. Retrying in 60s...
==> Attempt 93/1440: availability domain iDJQ:AP-MUMBAI-1-AD-1...
    Capacity/rate limit/network in iDJQ:AP-MUMBAI-1-AD-1, trying next...
==> All domains full. Retrying in 60s...
==> Attempt 94/1440: availability domain iDJQ:AP-MUMBAI-1-AD-1...
    Capacity/rate limit/network in iDJQ:AP-MUMBAI-1-AD-1, trying next...
==> All domains full. Retrying in 60s...
==> Attempt 95/1440: availability domain iDJQ:AP-MUMBAI-1-AD-1...
    Capacity/rate limit/network in iDJQ:AP-MUMBAI-1-AD-1, trying next...
==> All domains full. Retrying in 60s...
==> Attempt 96/1440: availability domain iDJQ:AP-MUMBAI-1-AD-1...
    Capacity/rate limit/network in iDJQ:AP-MUMBAI-1-AD-1, trying next...
==> All domains full. Retrying in 60s...
==> Attempt 97/1440: availability domain iDJQ:AP-MUMBAI-1-AD-1...
    Capacity/rate limit/network in iDJQ:AP-MUMBAI-1-AD-1, trying next...
==> All domains full. Retrying in 60s...
==> Attempt 98/1440: availability domain iDJQ:AP-MUMBAI-1-AD-1...
    Capacity/rate limit/network in iDJQ:AP-MUMBAI-1-AD-1, trying next...
==> All domains full. Retrying in 60s...
==> Attempt 99/1440: availability domain iDJQ:AP-MUMBAI-1-AD-1...

==> Switched to 1 OCPU / 6 GB (Always Free) at 2026-06-30T22:40:18+05:30
==> Using compartment: ocid1.tenancy.oc1..aaaaaaaaqa2gtylbe3frjrmfumgz5a6myukv7xwbfzubmfnz3ddtzgdvasoq
==> Region: ap-mumbai-1
==> Availability domains: iDJQ:AP-MUMBAI-1-AD-1
==> Image: ocid1.image.oc1.ap-mumbai-1.aaaaaaaa2op2x2s5rnduo5osx6zojr526qxtrvhddkdhks5nllbwjzcylwya
==> Subnet: ocid1.subnet.oc1.ap-mumbai-1.aaaaaaaa6xvek6yvrlwep65zeaayv6towvax6vmxllckmdq7gqs7xrurgv4q
==> Launching HealthOs (VM.Standard.A1.Flex: 1 OCPU / 6 GB)...
==> Attempt 1/1440: availability domain iDJQ:AP-MUMBAI-1-AD-1...
    Capacity/rate limit/network in iDJQ:AP-MUMBAI-1-AD-1, trying next...
==> All domains full. Retrying in 60s...
==> Attempt 2/1440: availability domain iDJQ:AP-MUMBAI-1-AD-1...
    Capacity/rate limit/network in iDJQ:AP-MUMBAI-1-AD-1, trying next...
==> All domains full. Retrying in 60s...
==> Attempt 3/1440: availability domain iDJQ:AP-MUMBAI-1-AD-1...
    Capacity/rate limit/network in iDJQ:AP-MUMBAI-1-AD-1, trying next...
==> All domains full. Retrying in 60s...
==> Attempt 4/1440: availability domain iDJQ:AP-MUMBAI-1-AD-1...
    Capacity/rate limit/network in iDJQ:AP-MUMBAI-1-AD-1, trying next...
==> All domains full. Retrying in 60s...
==> Attempt 5/1440: availability domain iDJQ:AP-MUMBAI-1-AD-1...
    Capacity/rate limit/network in iDJQ:AP-MUMBAI-1-AD-1, trying next...
==> All domains full. Retrying in 60s...
==> Attempt 6/1440: availability domain iDJQ:AP-MUMBAI-1-AD-1...
    Capacity/rate limit/network in iDJQ:AP-MUMBAI-1-AD-1, trying next...
==> All domains full. Retrying in 60s...
==> Attempt 7/1440: availability domain iDJQ:AP-MUMBAI-1-AD-1...
    Capacity/rate limit/network in iDJQ:AP-MUMBAI-1-AD-1, trying next...
==> All domains full. Retrying in 60s...
==> Attempt 8/1440: availability domain iDJQ:AP-MUMBAI-1-AD-1...
    Capacity/rate limit/network in iDJQ:AP-MUMBAI-1-AD-1, trying next...
==> All domains full. Retrying in 60s...
==> Attempt 9/1440: availability domain iDJQ:AP-MUMBAI-1-AD-1...
    Capacity/rate limit/network in iDJQ:AP-MUMBAI-1-AD-1, trying next...
==> All domains full. Retrying in 60s...
==> Attempt 10/1440: availability domain iDJQ:AP-MUMBAI-1-AD-1...
    Capacity/rate limit/network in iDJQ:AP-MUMBAI-1-AD-1, trying next...
==> All domains full. Retrying in 60s...
==> Attempt 11/1440: availability domain iDJQ:AP-MUMBAI-1-AD-1...
    Capacity/rate limit/network in iDJQ:AP-MUMBAI-1-AD-1, trying next...
==> All domains full. Retrying in 60s...
==> Attempt 12/1440: availability domain iDJQ:AP-MUMBAI-1-AD-1...
    Capacity/rate limit/network in iDJQ:AP-MUMBAI-1-AD-1, trying next...
==> All domains full. Retrying in 60s...
==> Attempt 13/1440: availability domain iDJQ:AP-MUMBAI-1-AD-1...
    Capacity/rate limit/network in iDJQ:AP-MUMBAI-1-AD-1, trying next...
==> All domains full. Retrying in 60s...
==> Attempt 14/1440: availability domain iDJQ:AP-MUMBAI-1-AD-1...
    Capacity/rate limit/network in iDJQ:AP-MUMBAI-1-AD-1, trying next...
==> All domains full. Retrying in 60s...
==> Attempt 15/1440: availability domain iDJQ:AP-MUMBAI-1-AD-1...
    Capacity/rate limit/network in iDJQ:AP-MUMBAI-1-AD-1, trying next...
==> All domains full. Retrying in 60s...
==> Attempt 16/1440: availability domain iDJQ:AP-MUMBAI-1-AD-1...
    Capacity/rate limit/network in iDJQ:AP-MUMBAI-1-AD-1, trying next...
==> All domains full. Retrying in 60s...
==> Attempt 17/1440: availability domain iDJQ:AP-MUMBAI-1-AD-1...
    Capacity/rate limit/network in iDJQ:AP-MUMBAI-1-AD-1, trying next...
==> All domains full. Retrying in 60s...
==> Attempt 18/1440: availability domain iDJQ:AP-MUMBAI-1-AD-1...
    Capacity/rate limit/network in iDJQ:AP-MUMBAI-1-AD-1, trying next...
==> All domains full. Retrying in 60s...
==> Attempt 19/1440: availability domain iDJQ:AP-MUMBAI-1-AD-1...
    Capacity/rate limit/network in iDJQ:AP-MUMBAI-1-AD-1, trying next...
==> All domains full. Retrying in 60s...
==> Attempt 20/1440: availability domain iDJQ:AP-MUMBAI-1-AD-1...
    Capacity/rate limit/network in iDJQ:AP-MUMBAI-1-AD-1, trying next...
==> All domains full. Retrying in 60s...
==> Attempt 21/1440: availability domain iDJQ:AP-MUMBAI-1-AD-1...
    Capacity/rate limit/network in iDJQ:AP-MUMBAI-1-AD-1, trying next...
==> All domains full. Retrying in 60s...
==> Attempt 22/1440: availability domain iDJQ:AP-MUMBAI-1-AD-1...
    Capacity/rate limit/network in iDJQ:AP-MUMBAI-1-AD-1, trying next...
==> All domains full. Retrying in 60s...
==> Attempt 23/1440: availability domain iDJQ:AP-MUMBAI-1-AD-1...
    Capacity/rate limit/network in iDJQ:AP-MUMBAI-1-AD-1, trying next...
==> All domains full. Retrying in 60s...
==> Attempt 24/1440: availability domain iDJQ:AP-MUMBAI-1-AD-1...
    Capacity/rate limit/network in iDJQ:AP-MUMBAI-1-AD-1, trying next...
==> All domains full. Retrying in 60s...
==> Attempt 25/1440: availability domain iDJQ:AP-MUMBAI-1-AD-1...
    Capacity/rate limit/network in iDJQ:AP-MUMBAI-1-AD-1, trying next...
==> All domains full. Retrying in 60s...
==> Attempt 26/1440: availability domain iDJQ:AP-MUMBAI-1-AD-1...
    Capacity/rate limit/network in iDJQ:AP-MUMBAI-1-AD-1, trying next...
==> All domains full. Retrying in 60s...
==> Attempt 27/1440: availability domain iDJQ:AP-MUMBAI-1-AD-1...
    Capacity/rate limit/network in iDJQ:AP-MUMBAI-1-AD-1, trying next...
==> All domains full. Retrying in 60s...
==> Attempt 28/1440: availability domain iDJQ:AP-MUMBAI-1-AD-1...
    Capacity/rate limit/network in iDJQ:AP-MUMBAI-1-AD-1, trying next...
==> All domains full. Retrying in 60s...
==> Attempt 29/1440: availability domain iDJQ:AP-MUMBAI-1-AD-1...
    Capacity/rate limit/network in iDJQ:AP-MUMBAI-1-AD-1, trying next...
==> All domains full. Retrying in 60s...
==> Attempt 30/1440: availability domain iDJQ:AP-MUMBAI-1-AD-1...
    Capacity/rate limit/network in iDJQ:AP-MUMBAI-1-AD-1, trying next...
==> All domains full. Retrying in 60s...
==> Attempt 31/1440: availability domain iDJQ:AP-MUMBAI-1-AD-1...
    Capacity/rate limit/network in iDJQ:AP-MUMBAI-1-AD-1, trying next...
==> All domains full. Retrying in 60s...
==> Attempt 32/1440: availability domain iDJQ:AP-MUMBAI-1-AD-1...
    Capacity/rate limit/network in iDJQ:AP-MUMBAI-1-AD-1, trying next...
==> All domains full. Retrying in 60s...
==> Attempt 33/1440: availability domain iDJQ:AP-MUMBAI-1-AD-1...
    Capacity/rate limit/network in iDJQ:AP-MUMBAI-1-AD-1, trying next...
==> All domains full. Retrying in 60s...
==> Attempt 34/1440: availability domain iDJQ:AP-MUMBAI-1-AD-1...
    Capacity/rate limit/network in iDJQ:AP-MUMBAI-1-AD-1, trying next...
==> All domains full. Retrying in 60s...
==> Attempt 35/1440: availability domain iDJQ:AP-MUMBAI-1-AD-1...
    Capacity/rate limit/network in iDJQ:AP-MUMBAI-1-AD-1, trying next...
==> All domains full. Retrying in 60s...
==> Attempt 36/1440: availability domain iDJQ:AP-MUMBAI-1-AD-1...
    Capacity/rate limit/network in iDJQ:AP-MUMBAI-1-AD-1, trying next...
==> All domains full. Retrying in 60s...
==> Attempt 37/1440: availability domain iDJQ:AP-MUMBAI-1-AD-1...
    Capacity/rate limit/network in iDJQ:AP-MUMBAI-1-AD-1, trying next...
==> All domains full. Retrying in 60s...
==> Attempt 38/1440: availability domain iDJQ:AP-MUMBAI-1-AD-1...
    Capacity/rate limit/network in iDJQ:AP-MUMBAI-1-AD-1, trying next...
==> All domains full. Retrying in 60s...
==> Attempt 39/1440: availability domain iDJQ:AP-MUMBAI-1-AD-1...
    Capacity/rate limit/network in iDJQ:AP-MUMBAI-1-AD-1, trying next...
==> All domains full. Retrying in 60s...
==> Attempt 40/1440: availability domain iDJQ:AP-MUMBAI-1-AD-1...
    Capacity/rate limit/network in iDJQ:AP-MUMBAI-1-AD-1, trying next...
==> All domains full. Retrying in 60s...
==> Attempt 41/1440: availability domain iDJQ:AP-MUMBAI-1-AD-1...
    Capacity/rate limit/network in iDJQ:AP-MUMBAI-1-AD-1, trying next...
==> All domains full. Retrying in 60s...
==> Attempt 42/1440: availability domain iDJQ:AP-MUMBAI-1-AD-1...
    Capacity/rate limit/network in iDJQ:AP-MUMBAI-1-AD-1, trying next...
==> All domains full. Retrying in 60s...
==> Attempt 43/1440: availability domain iDJQ:AP-MUMBAI-1-AD-1...
    Capacity/rate limit/network in iDJQ:AP-MUMBAI-1-AD-1, trying next...
==> All domains full. Retrying in 60s...
==> Attempt 44/1440: availability domain iDJQ:AP-MUMBAI-1-AD-1...
    Capacity/rate limit/network in iDJQ:AP-MUMBAI-1-AD-1, trying next...
==> All domains full. Retrying in 60s...
==> Attempt 45/1440: availability domain iDJQ:AP-MUMBAI-1-AD-1...
    Capacity/rate limit/network in iDJQ:AP-MUMBAI-1-AD-1, trying next...
==> All domains full. Retrying in 60s...
==> Attempt 46/1440: availability domain iDJQ:AP-MUMBAI-1-AD-1...
    Capacity/rate limit/network in iDJQ:AP-MUMBAI-1-AD-1, trying next...
==> All domains full. Retrying in 60s...
==> Attempt 47/1440: availability domain iDJQ:AP-MUMBAI-1-AD-1...
    Capacity/rate limit/network in iDJQ:AP-MUMBAI-1-AD-1, trying next...
==> All domains full. Retrying in 60s...
==> Attempt 48/1440: availability domain iDJQ:AP-MUMBAI-1-AD-1...
    Capacity/rate limit/network in iDJQ:AP-MUMBAI-1-AD-1, trying next...
==> All domains full. Retrying in 60s...
==> Attempt 49/1440: availability domain iDJQ:AP-MUMBAI-1-AD-1...
    Capacity/rate limit/network in iDJQ:AP-MUMBAI-1-AD-1, trying next...
==> All domains full. Retrying in 60s...
==> Attempt 50/1440: availability domain iDJQ:AP-MUMBAI-1-AD-1...
    Capacity/rate limit/network in iDJQ:AP-MUMBAI-1-AD-1, trying next...
==> All domains full. Retrying in 60s...
==> Attempt 51/1440: availability domain iDJQ:AP-MUMBAI-1-AD-1...
    Capacity/rate limit/network in iDJQ:AP-MUMBAI-1-AD-1, trying next...
==> All domains full. Retrying in 60s...
==> Attempt 52/1440: availability domain iDJQ:AP-MUMBAI-1-AD-1...
    Capacity/rate limit/network in iDJQ:AP-MUMBAI-1-AD-1, trying next...
==> All domains full. Retrying in 60s...
==> Attempt 53/1440: availability domain iDJQ:AP-MUMBAI-1-AD-1...
    Capacity/rate limit/network in iDJQ:AP-MUMBAI-1-AD-1, trying next...
==> All domains full. Retrying in 60s...
==> Attempt 54/1440: availability domain iDJQ:AP-MUMBAI-1-AD-1...
    Capacity/rate limit/network in iDJQ:AP-MUMBAI-1-AD-1, trying next...
==> All domains full. Retrying in 60s...
==> Attempt 55/1440: availability domain iDJQ:AP-MUMBAI-1-AD-1...
    Capacity/rate limit/network in iDJQ:AP-MUMBAI-1-AD-1, trying next...
==> All domains full. Retrying in 60s...
==> Attempt 56/1440: availability domain iDJQ:AP-MUMBAI-1-AD-1...
    Capacity/rate limit/network in iDJQ:AP-MUMBAI-1-AD-1, trying next...
==> All domains full. Retrying in 60s...
==> Attempt 57/1440: availability domain iDJQ:AP-MUMBAI-1-AD-1...
    Capacity/rate limit/network in iDJQ:AP-MUMBAI-1-AD-1, trying next...
==> All domains full. Retrying in 60s...
==> Attempt 58/1440: availability domain iDJQ:AP-MUMBAI-1-AD-1...
==> Launched in iDJQ:AP-MUMBAI-1-AD-1
==> Instance ID: ocid1.instance.oc1.ap-mumbai-1.anrg6ljrpomnhtacyovqzaac3b4sumggeeuocexfmxrtnkdikxp7w4tgpz3q
If a key name has any characters besides [a-z, A-Z, 0-9, _], it needs to be escaped.
In bash or similar "NIX" based shells used in "NIX" environment, escaping can be done byusing double quotes inside single quotes.
e.g. --query 'data[*]."display-name"'
If using PowerShell in Windows environment, escaping can be done by using double quoteswith double escape character `.
e.g. --query data[*].`"display-name`"
LexerError: Bad jmespath expression: Unknown token \:
data[0].\"public-ip\"
        ^
